<?xml version="1.0" encoding="UTF-8"?>
<!-- Generated by org.testng.reporters.JUnitReportReporter -->
<testsuite hostname="Somashekars-iMac.local" failures="0" tests="3" name="TestNGDemo.com.EndTooEndTestingApp" time="31.819" errors="0" timestamp="2024-06-20T21:27:09 IST" skipped="0">
  <testcase classname="TestNGDemo.com.EndTooEndTestingApp" name="registerUser" time="18.367"/>
  <system-out/>
  <testcase classname="TestNGDemo.com.EndTooEndTestingApp" name="loginUser" time="5.817"/>
  <system-out/>
  <testcase classname="TestNGDemo.com.EndTooEndTestingApp" name="addingAddressOfUser" time="7.635"/>
  <system-out/>
</testsuite> <!-- TestNGDemo.com.EndTooEndTestingApp -->
