<?xml version="1.0" encoding="UTF-8"?>
<!-- Generated by org.testng.reporters.JUnitReportReporter -->
<testsuite hostname="Somashekars-iMac.local" failures="0" tests="3" name="TestNGDemo.com.invocatiobDemo" time="61.417" errors="0" timestamp="2024-06-03T21:29:52 IST" skipped="0">
  <testcase classname="TestNGDemo.com.invocatiobDemo" name="doLogin" time="20.280"/>
  <system-out/>
  <testcase classname="TestNGDemo.com.invocatiobDemo" name="doLogin" time="17.985"/>
  <system-out/>
  <testcase classname="TestNGDemo.com.invocatiobDemo" name="doLogin" time="23.152"/>
  <system-out/>
</testsuite> <!-- TestNGDemo.com.invocatiobDemo -->
