<?xml version="1.0" encoding="UTF-8"?>
<!-- Generated by org.testng.reporters.JUnitReportReporter -->
<testsuite hostname="Somashekars-iMac.local" failures="0" tests="1" name="TestNGDemo.com.Demo33" time="37.261" errors="0" timestamp="2024-05-31T21:46:15 IST" skipped="0">
  <testcase classname="TestNGDemo.com.Demo33" name="dropDownHandling" time="37.261"/>
  <system-out/>
</testsuite> <!-- TestNGDemo.com.Demo33 -->
