<?xml version="1.0" encoding="UTF-8"?>
<!-- Generated by org.testng.reporters.JUnitReportReporter -->
<testsuite hostname="Somashekars-iMac.local" failures="0" tests="1" name="TestNGDemo.com.DropDownDemo4" time="41.446" errors="0" timestamp="2024-05-30T21:08:08 IST" skipped="0">
  <testcase classname="TestNGDemo.com.DropDownDemo4" name="dropDownHandling" time="41.446"/>
  <system-out/>
</testsuite> <!-- TestNGDemo.com.DropDownDemo4 -->
