<?xml version="1.0" encoding="UTF-8"?>
<!-- Generated by org.testng.reporters.JUnitReportReporter -->
<testsuite hostname="Somashekars-iMac.local" failures="0" tests="3" name="TestNGDemo.com.Handlingpopupjsprompt" time="33.156" errors="0" timestamp="2024-05-23T21:34:37 IST" skipped="0">
  <testcase classname="TestNGDemo.com.Handlingpopupjsprompt" name="getTitleOfPage" time="9.059"/>
  <system-out/>
  <testcase classname="TestNGDemo.com.Handlingpopupjsprompt" name="getCurrentUrlOfPage" time="11.497"/>
  <system-out/>
  <testcase classname="TestNGDemo.com.Handlingpopupjsprompt" name="handlingBrowserjspopups" time="12.600"/>
  <system-out/>
</testsuite> <!-- TestNGDemo.com.Handlingpopupjsprompt -->
