<?xml version="1.0" encoding="UTF-8"?>
<!-- Generated by org.testng.reporters.JUnitReportReporter -->
<testsuite hostname="Somashekars-iMac.local" failures="0" tests="3" name="TestNGDemo.com.TestNGDemoE2E" time="16.548" errors="0" timestamp="2024-05-20T21:35:40 IST" skipped="0">
  <testcase classname="TestNGDemo.com.TestNGDemoE2E" name="alaunchBrowser" time="12.186"/>
  <system-out/>
  <testcase classname="TestNGDemo.com.TestNGDemoE2E" name="closebrowser" time="0.138"/>
  <system-out/>
  <testcase classname="TestNGDemo.com.TestNGDemoE2E" name="bloginPage" time="4.224"/>
  <system-out/>
</testsuite> <!-- TestNGDemo.com.TestNGDemoE2E -->
