<?xml version="1.0" encoding="UTF-8"?>
<!-- Generated by org.testng.reporters.JUnitReportReporter -->
<testsuite hostname="Somashekars-iMac.local" failures="0" tests="3" name="TestNGDemo.com.AnnotationDemo2" time="12.324" errors="0" timestamp="2024-05-22T21:20:28 IST" skipped="0">
  <testcase classname="TestNGDemo.com.AnnotationDemo2" name="getCurrentUrlOfPage" time="0.052"/>
  <system-out/>
  <testcase classname="TestNGDemo.com.AnnotationDemo2" name="getTitleOfPage" time="0.011"/>
  <system-out/>
  <testcase classname="TestNGDemo.com.AnnotationDemo2" name="doLogin" time="12.261"/>
  <system-out/>
</testsuite> <!-- TestNGDemo.com.AnnotationDemo2 -->
