<?xml version="1.0" encoding="UTF-8"?>
<!-- Generated by org.testng.reporters.JUnitReportReporter -->
<testsuite hostname="Somashekars-iMac.local" failures="0" tests="2" name="TestNGDemo.com.DependsOnMethodDemo" time="10.103" errors="0" timestamp="2024-06-03T21:19:37 IST" skipped="0">
  <testcase classname="TestNGDemo.com.DependsOnMethodDemo" name="homePage" time="0.008"/>
  <system-out/>
  <testcase classname="TestNGDemo.com.DependsOnMethodDemo" name="doLogin" time="10.095"/>
  <system-out/>
</testsuite> <!-- TestNGDemo.com.DependsOnMethodDemo -->
