<?xml version="1.0" encoding="UTF-8"?>
<!-- Generated by org.testng.reporters.JUnitReportReporter -->
<testsuite hostname="Somashekars-iMac.local" failures="0" tests="1" name="MouseandKeyboardActions.com.DragAndDropDemo" time="11.813" errors="0" timestamp="2024-06-24T21:32:23 IST" skipped="0">
  <testcase classname="MouseandKeyboardActions.com.DragAndDropDemo" name="dragAndDropTestCase" time="11.813"/>
  <system-out/>
</testsuite> <!-- MouseandKeyboardActions.com.DragAndDropDemo -->
