<?xml version="1.0" encoding="UTF-8"?>
<!-- Generated by org.testng.reporters.JUnitReportReporter -->
<testsuite hostname="Somashekars-iMac.local" failures="0" tests="3" name="TestNGDemo.com.HandlingpopupDemo" time="3.587" errors="0" timestamp="2024-05-23T21:18:17 IST" skipped="0">
  <testcase classname="TestNGDemo.com.HandlingpopupDemo" name="getTitleOfPage" time="0.061"/>
  <system-out/>
  <testcase classname="TestNGDemo.com.HandlingpopupDemo" name="getCurrentUrlOfPage" time="0.064"/>
  <system-out/>
  <testcase classname="TestNGDemo.com.HandlingpopupDemo" name="handlingBrowserpopups" time="3.462"/>
  <system-out/>
</testsuite> <!-- TestNGDemo.com.HandlingpopupDemo -->
