<?xml version="1.0" encoding="UTF-8"?>
<!-- Generated by org.testng.reporters.JUnitReportReporter -->
<testsuite hostname="Somashekars-iMac.local" failures="0" tests="1" name="TestNGDemo.com.DropDownDemo2" time="39.469" errors="0" timestamp="2024-05-27T21:25:08 IST" skipped="0">
  <testcase classname="TestNGDemo.com.DropDownDemo2" name="dropDownHandling" time="39.469"/>
  <system-out/>
</testsuite> <!-- TestNGDemo.com.DropDownDemo2 -->
