<?xml version="1.0" encoding="UTF-8"?>
<!-- Generated by org.testng.reporters.JUnitReportReporter -->
<testsuite hostname="Somashekars-iMac.local" failures="0" tests="3" name="TestNGDemo.com.nnotationDemo4" time="40.378" errors="0" timestamp="2024-05-23T08:17:10 IST" skipped="0">
  <testcase classname="TestNGDemo.com.nnotationDemo4" name="getTitleOfPage" time="8.645"/>
  <system-out/>
  <testcase classname="TestNGDemo.com.nnotationDemo4" name="doLogin" time="23.118"/>
  <system-out/>
  <testcase classname="TestNGDemo.com.nnotationDemo4" name="getCurrentUrlOfPage" time="8.615"/>
  <system-out/>
</testsuite> <!-- TestNGDemo.com.nnotationDemo4 -->
