<?xml version="1.0" encoding="UTF-8"?>
<!-- Generated by org.testng.reporters.JUnitReportReporter -->
<testsuite hostname="Somashekars-iMac.local" failures="0" tests="3" name="TestNGDemo.com.Handlingpopupjsconfirm" time="32.742" errors="0" timestamp="2024-05-23T21:27:57 IST" skipped="0">
  <testcase classname="TestNGDemo.com.Handlingpopupjsconfirm" name="getTitleOfPage" time="8.870"/>
  <system-out/>
  <testcase classname="TestNGDemo.com.Handlingpopupjsconfirm" name="getCurrentUrlOfPage" time="11.280"/>
  <system-out/>
  <testcase classname="TestNGDemo.com.Handlingpopupjsconfirm" name="handlingBrowserjspopups" time="12.592"/>
  <system-out/>
</testsuite> <!-- TestNGDemo.com.Handlingpopupjsconfirm -->
