<?xml version="1.0" encoding="UTF-8"?>
<!-- Generated by org.testng.reporters.JUnitReportReporter -->
<testsuite hostname="Somashekars-iMac.local" failures="0" tests="3" name="TestNGDemo.com.Loginpage" time="23.497" errors="0" timestamp="2024-05-20T21:43:36 IST" skipped="0">
  <testcase classname="TestNGDemo.com.Loginpage" name="bdoLogin" time="12.048"/>
  <system-out/>
  <testcase classname="TestNGDemo.com.Loginpage" name="closebrowser" time="0.126"/>
  <system-out/>
  <testcase classname="TestNGDemo.com.Loginpage" name="alaunchBrowser" time="11.323"/>
  <system-out/>
</testsuite> <!-- TestNGDemo.com.Loginpage -->
