<?xml version="1.0" encoding="UTF-8"?>
<!-- Generated by org.testng.reporters.JUnitReportReporter -->
<testsuite hostname="Somashekars-iMac.local" failures="0" tests="3" name="MouseandKeyboardActions.com.KeyboardActionsDemo2" time="24.833" errors="0" timestamp="2024-06-25T21:15:02 IST" skipped="0">
  <testcase classname="MouseandKeyboardActions.com.KeyboardActionsDemo2" name="bdoLogin" time="9.587"/>
  <system-out/>
  <testcase classname="MouseandKeyboardActions.com.KeyboardActionsDemo2" name="closebrowser" time="0.116"/>
  <system-out/>
  <testcase classname="MouseandKeyboardActions.com.KeyboardActionsDemo2" name="alaunchBrowser" time="15.130"/>
  <system-out/>
</testsuite> <!-- MouseandKeyboardActions.com.KeyboardActionsDemo2 -->
