<?xml version="1.0" encoding="UTF-8"?>
<!-- Generated by org.testng.reporters.JUnitReportReporter -->
<testsuite hostname="Somashekars-iMac.local" failures="0" tests="1" name="MouseandKeyboardActions.com.ContextClickDemo" time="3.655" errors="0" timestamp="2024-06-25T21:06:21 IST" skipped="0">
  <testcase classname="MouseandKeyboardActions.com.ContextClickDemo" name="dragAndDropTestCase" time="3.655"/>
  <system-out/>
</testsuite> <!-- MouseandKeyboardActions.com.ContextClickDemo -->
