<?xml version="1.0" encoding="UTF-8"?>
<!-- Generated by org.testng.reporters.JUnitReportReporter -->
<testsuite hostname="Somashekars-iMac.local" failures="0" tests="2" name="MouseandKeyboardActions.com.DemoOnMouseActions" time="7.772" errors="0" timestamp="2024-06-24T21:20:18 IST" skipped="0">
  <testcase classname="MouseandKeyboardActions.com.DemoOnMouseActions" name="registerUser" time="4.536"/>
  <system-out/>
  <testcase classname="MouseandKeyboardActions.com.DemoOnMouseActions" name="clickAndHold" time="3.236"/>
  <system-out/>
</testsuite> <!-- MouseandKeyboardActions.com.DemoOnMouseActions -->
