<?xml version="1.0" encoding="UTF-8"?>
<!-- Generated by org.testng.reporters.JUnitReportReporter -->
<testsuite hostname="Somashekars-iMac.local" failures="0" tests="2" name="TestNGDemo.com.AssertionDemo2" time="32.588" errors="0" timestamp="2024-06-04T21:26:15 IST" skipped="0">
  <testcase classname="TestNGDemo.com.AssertionDemo2" name="currentUrlOfThePage" time="13.523"/>
  <system-out/>
  <testcase classname="TestNGDemo.com.AssertionDemo2" name="titleOfThePage" time="19.065"/>
  <system-out/>
</testsuite> <!-- TestNGDemo.com.AssertionDemo2 -->
