<?xml version="1.0" encoding="UTF-8"?>
<!-- Generated by org.testng.reporters.JUnitReportReporter -->
<testsuite hostname="Somashekars-iMac.local" failures="0" tests="3" name="TestNGDemo.com.AnnoationsDemo" time="0.019" errors="0" timestamp="2024-05-21T22:08:42 IST" skipped="0">
  <testcase classname="TestNGDemo.com.AnnoationsDemo" name="aaa" time="0.013"/>
  <system-out/>
  <testcase classname="TestNGDemo.com.AnnoationsDemo" name="zzz" time="0.003"/>
  <system-out/>
  <testcase classname="TestNGDemo.com.AnnoationsDemo" name="ggg" time="0.003"/>
  <system-out/>
</testsuite> <!-- TestNGDemo.com.AnnoationsDemo -->
