<?xml version="1.0" encoding="UTF-8"?>
<!-- Generated by org.testng.reporters.JUnitReportReporter -->
<testsuite hostname="Somashekars-iMac.local" failures="0" tests="3" name="MouseandKeyboardActions.com.KeyBoardActionsDemo" time="24.625" errors="0" timestamp="2024-06-25T21:11:14 IST" skipped="0">
  <testcase classname="MouseandKeyboardActions.com.KeyBoardActionsDemo" name="bdoLogin" time="13.190"/>
  <system-out/>
  <testcase classname="MouseandKeyboardActions.com.KeyBoardActionsDemo" name="closebrowser" time="0.118"/>
  <system-out/>
  <testcase classname="MouseandKeyboardActions.com.KeyBoardActionsDemo" name="alaunchBrowser" time="11.317"/>
  <system-out/>
</testsuite> <!-- MouseandKeyboardActions.com.KeyBoardActionsDemo -->
