<?xml version="1.0" encoding="UTF-8"?>
<!-- Generated by org.testng.reporters.JUnitReportReporter -->
<testsuite hostname="Somashekars-iMac.local" failures="0" tests="5" name="TestNGDemo.com.invocatiobDemo" time="96.882" errors="0" timestamp="2024-06-03T21:35:39 IST" skipped="0">
  <testcase classname="TestNGDemo.com.invocatiobDemo" name="doLogin" time="23.517"/>
  <system-out/>
  <testcase classname="TestNGDemo.com.invocatiobDemo" name="doLogin" time="19.606"/>
  <system-out/>
  <testcase classname="TestNGDemo.com.invocatiobDemo" name="doLogin" time="17.877"/>
  <system-out/>
  <testcase classname="TestNGDemo.com.invocatiobDemo" name="doLogin" time="17.623"/>
  <system-out/>
  <testcase classname="TestNGDemo.com.invocatiobDemo" name="doLogin" time="18.259"/>
  <system-out/>
</testsuite> <!-- TestNGDemo.com.invocatiobDemo -->
