<?xml version="1.0" encoding="UTF-8"?>
<!-- Generated by org.testng.reporters.JUnitReportReporter -->
<testsuite hostname="Somashekars-iMac.local" failures="0" tests="3" name="MouseandKeyboardActions.com.ActionsDemo3" time="26.826" errors="0" timestamp="2024-06-25T21:25:21 IST" skipped="0">
  <testcase classname="MouseandKeyboardActions.com.ActionsDemo3" name="bdoLogin" time="12.218"/>
  <system-out/>
  <testcase classname="MouseandKeyboardActions.com.ActionsDemo3" name="closebrowser" time="0.108"/>
  <system-out/>
  <testcase classname="MouseandKeyboardActions.com.ActionsDemo3" name="alaunchBrowser" time="14.500"/>
  <system-out/>
</testsuite> <!-- MouseandKeyboardActions.com.ActionsDemo3 -->
