<?xml version="1.0" encoding="UTF-8"?>
<!-- Generated by org.testng.reporters.JUnitReportReporter -->
<testsuite hostname="Somashekars-iMac.local" failures="0" tests="1" name="TestNGDemo.com.DropDownDemo" time="14.302" errors="0" timestamp="2024-05-27T21:08:38 IST" skipped="0">
  <testcase classname="TestNGDemo.com.DropDownDemo" name="dropDownHandling" time="14.302"/>
  <system-out/>
</testsuite> <!-- TestNGDemo.com.DropDownDemo -->
