<?xml version="1.0" encoding="UTF-8"?>
<!-- Generated by org.testng.reporters.JUnitReportReporter -->
<testsuite hostname="Somashekars-iMac.local" failures="0" tests="2" name="TestNGDemo.com.ValidationDemo" time="23.000" errors="0" timestamp="2024-06-04T21:07:06 IST" skipped="0">
  <testcase classname="TestNGDemo.com.ValidationDemo" name="titleOfThePage" time="12.992"/>
  <system-out/>
  <testcase classname="TestNGDemo.com.ValidationDemo" name="currentUrlOfThePage" time="10.008"/>
  <system-out/>
</testsuite> <!-- TestNGDemo.com.ValidationDemo -->
