<?xml version="1.0" encoding="UTF-8"?>
<!-- Generated by org.testng.reporters.JUnitReportReporter -->
<testsuite hostname="Somashekars-iMac.local" failures="0" tests="1" name="TestNGDemo.com.DropdownDemo5" time="50.543" errors="0" timestamp="2024-05-31T21:41:46 IST" skipped="0">
  <testcase classname="TestNGDemo.com.DropdownDemo5" name="dropDownHandling" time="50.543"/>
  <system-out/>
</testsuite> <!-- TestNGDemo.com.DropdownDemo5 -->
