<?xml version="1.0" encoding="UTF-8"?>
<!-- Generated by org.testng.reporters.JUnitReportReporter -->
<testsuite hostname="Somashekars-iMac.local" failures="0" tests="1" name="TestNGDemo.com.WithoutSelectDropDown" time="51.621" errors="0" timestamp="2024-05-30T21:37:00 IST" skipped="0">
  <testcase classname="TestNGDemo.com.WithoutSelectDropDown" name="dropDownHandling" time="51.621"/>
  <system-out/>
</testsuite> <!-- TestNGDemo.com.WithoutSelectDropDown -->
